Build started 6/24/2013 2:37:01 PM.
     1>Project "C:\Users\ct-d119\Dropbox\Study\BHCC\2013 Summer\CIT-120-A1 Intro to Computer Sci\Labs\Lab 6 Read letter and flip\Lab 6 Read letter and flip.vcxproj" on node 2 (build target(s)).
     1>InitializeBuildStatus:
         Creating "Release\Lab 6 Read letter and flip.unsuccessfulbuild" because "AlwaysCreate" was specified.
       ClCompile:
         c:\Program Files\Microsoft Visual Studio 10.0\VC\bin\CL.exe /c /Zi /nologo /W3 /WX- /O2 /Oi /Oy- /GL /D WIN32 /D NDEBUG /D _CONSOLE /D _UNICODE /D UNICODE /Gm- /EHsc /MD /GS /Gy /fp:precise /Zc:wchar_t /Zc:forScope /Fo"Release\\" /Fd"Release\vc100.pdb" /Gd /TP /analyze- /errorReport:prompt "Lab 6 Read a letter and flip it.cpp"
         Lab 6 Read a letter and flip it.cpp
       Link:
         c:\Program Files\Microsoft Visual Studio 10.0\VC\bin\link.exe /ERRORREPORT:PROMPT /OUT:"C:\Users\ct-d119\Dropbox\Study\BHCC\2013 Summer\CIT-120-A1 Intro to Computer Sci\Labs\Lab 6 Read letter and flip\Release\Lab 6 Read letter and flip.exe" /INCREMENTAL:NO /NOLOGO kernel32.lib user32.lib gdi32.lib winspool.lib comdlg32.lib advapi32.lib shell32.lib ole32.lib oleaut32.lib uuid.lib odbc32.lib odbccp32.lib /MANIFEST /ManifestFile:"Release\Lab 6 Read letter and flip.exe.intermediate.manifest" /MANIFESTUAC:"level='asInvoker' uiAccess='false'" /DEBUG /PDB:"C:\Users\ct-d119\Dropbox\Study\BHCC\2013 Summer\CIT-120-A1 Intro to Computer Sci\Labs\Lab 6 Read letter and flip\Release\Lab 6 Read letter and flip.pdb" /SUBSYSTEM:CONSOLE /OPT:REF /OPT:ICF /LTCG /TLBID:1 /DYNAMICBASE /NXCOMPAT /IMPLIB:"C:\Users\ct-d119\Dropbox\Study\BHCC\2013 Summer\CIT-120-A1 Intro to Computer Sci\Labs\Lab 6 Read letter and flip\Release\Lab 6 Read letter and flip.lib" /MACHINE:X86 "Release\Lab 6 Read a letter and flip it.obj"
         Generating code
         Finished generating code
         Lab 6 Read letter and flip.vcxproj -> C:\Users\ct-d119\Dropbox\Study\BHCC\2013 Summer\CIT-120-A1 Intro to Computer Sci\Labs\Lab 6 Read letter and flip\Release\Lab 6 Read letter and flip.exe
       Manifest:
         C:\Program Files\Microsoft SDKs\Windows\v7.0A\bin\mt.exe /nologo /verbose /outputresource:"C:\Users\ct-d119\Dropbox\Study\BHCC\2013 Summer\CIT-120-A1 Intro to Computer Sci\Labs\Lab 6 Read letter and flip\Release\Lab 6 Read letter and flip.exe;#1" /manifest "Release\Lab 6 Read letter and flip.exe.intermediate.manifest"
       FinalizeBuildStatus:
         Deleting file "Release\Lab 6 Read letter and flip.unsuccessfulbuild".
         Touching "Release\Lab 6 Read letter and flip.lastbuildstate".
     1>Done Building Project "C:\Users\ct-d119\Dropbox\Study\BHCC\2013 Summer\CIT-120-A1 Intro to Computer Sci\Labs\Lab 6 Read letter and flip\Lab 6 Read letter and flip.vcxproj" (build target(s)).

Build succeeded.

Time Elapsed 00:00:01.94
