Build started 6/16/2013 1:47:51 PM.
     1>Project "X:\Dropbox\Study\BHCC\2013 Summer\CIT-120-A1 Intro to Computer Sci\Labs\Group_Project_1_Payroll\Group_Project_1_Payroll.vcxproj" on node 2 (build target(s)).
     1>InitializeBuildStatus:
         Creating "Release\Group_Project_1_Payroll.unsuccessfulbuild" because "AlwaysCreate" was specified.
       ClCompile:
         C:\Program Files\Microsoft Visual Studio 10.0\VC\bin\CL.exe /c /Zi /nologo /W3 /WX- /O2 /Oi /Oy- /GL /D WIN32 /D NDEBUG /D _CONSOLE /D _UNICODE /D UNICODE /Gm- /EHsc /MD /GS /Gy /fp:precise /Zc:wchar_t /Zc:forScope /Fo"Release\\" /Fd"Release\vc100.pdb" /Gd /TP /analyze- /errorReport:prompt Group_Project_1_Payroll.cpp
         Group_Project_1_Payroll.cpp
       Link:
         C:\Program Files\Microsoft Visual Studio 10.0\VC\bin\link.exe /ERRORREPORT:PROMPT /OUT:"X:\Dropbox\Study\BHCC\2013 Summer\CIT-120-A1 Intro to Computer Sci\Labs\Group_Project_1_Payroll\Release\Group_Project_1_Payroll.exe" /INCREMENTAL:NO /NOLOGO kernel32.lib user32.lib gdi32.lib winspool.lib comdlg32.lib advapi32.lib shell32.lib ole32.lib oleaut32.lib uuid.lib odbc32.lib odbccp32.lib /MANIFEST /ManifestFile:"Release\Group_Project_1_Payroll.exe.intermediate.manifest" /MANIFESTUAC:"level='asInvoker' uiAccess='false'" /DEBUG /PDB:"X:\Dropbox\Study\BHCC\2013 Summer\CIT-120-A1 Intro to Computer Sci\Labs\Group_Project_1_Payroll\Release\Group_Project_1_Payroll.pdb" /SUBSYSTEM:CONSOLE /OPT:REF /OPT:ICF /LTCG /TLBID:1 /DYNAMICBASE /NXCOMPAT /IMPLIB:"X:\Dropbox\Study\BHCC\2013 Summer\CIT-120-A1 Intro to Computer Sci\Labs\Group_Project_1_Payroll\Release\Group_Project_1_Payroll.lib" /MACHINE:X86 Release\Group_Project_1_Payroll.obj
         Generating code
         Finished generating code
         Group_Project_1_Payroll.vcxproj -> X:\Dropbox\Study\BHCC\2013 Summer\CIT-120-A1 Intro to Computer Sci\Labs\Group_Project_1_Payroll\Release\Group_Project_1_Payroll.exe
       Manifest:
         C:\Program Files\Microsoft SDKs\Windows\v7.0A\bin\mt.exe /nologo /verbose /outputresource:"X:\Dropbox\Study\BHCC\2013 Summer\CIT-120-A1 Intro to Computer Sci\Labs\Group_Project_1_Payroll\Release\Group_Project_1_Payroll.exe;#1" /manifest Release\Group_Project_1_Payroll.exe.intermediate.manifest
       FinalizeBuildStatus:
         Deleting file "Release\Group_Project_1_Payroll.unsuccessfulbuild".
         Touching "Release\Group_Project_1_Payroll.lastbuildstate".
     1>Done Building Project "X:\Dropbox\Study\BHCC\2013 Summer\CIT-120-A1 Intro to Computer Sci\Labs\Group_Project_1_Payroll\Group_Project_1_Payroll.vcxproj" (build target(s)).

Build succeeded.

Time Elapsed 00:00:01.05
