Build started 2013/5/13 4:04:31.
     1>Project "C:\Users\陆凯利\Dropbox\Study\BHCC\2013 Spring\CIT-120-02 Intro to Computer Sci\Labs\Final Practice\Final Practice.vcxproj" on node 2 (build target(s)).
     1>InitializeBuildStatus:
         Creating "Release\Final Practice.unsuccessfulbuild" because "AlwaysCreate" was specified.
       ClCompile:
         C:\Program Files (x86)\Microsoft Visual Studio 10.0\VC\bin\CL.exe /c /Zi /nologo /W3 /WX- /O2 /Oi /Oy- /GL /D WIN32 /D NDEBUG /D _CONSOLE /D _UNICODE /D UNICODE /Gm- /EHsc /MD /GS /Gy /fp:precise /Zc:wchar_t /Zc:forScope /Fo"Release\\" /Fd"Release\vc100.pdb" /Gd /TP /analyze- /errorReport:prompt Practice.cpp
         Practice.cpp
       Link:
         C:\Program Files (x86)\Microsoft Visual Studio 10.0\VC\bin\link.exe /ERRORREPORT:PROMPT /OUT:"C:\Users\陆凯利\Dropbox\Study\BHCC\2013 Spring\CIT-120-02 Intro to Computer Sci\Labs\Final Practice\Release\Final Practice.exe" /INCREMENTAL:NO /NOLOGO kernel32.lib user32.lib gdi32.lib winspool.lib comdlg32.lib advapi32.lib shell32.lib ole32.lib oleaut32.lib uuid.lib odbc32.lib odbccp32.lib /MANIFEST /ManifestFile:"Release\Final Practice.exe.intermediate.manifest" /MANIFESTUAC:"level='asInvoker' uiAccess='false'" /DEBUG /PDB:"C:\Users\陆凯利\Dropbox\Study\BHCC\2013 Spring\CIT-120-02 Intro to Computer Sci\Labs\Final Practice\Release\Final Practice.pdb" /SUBSYSTEM:CONSOLE /OPT:REF /OPT:ICF /LTCG /TLBID:1 /DYNAMICBASE /NXCOMPAT /IMPLIB:"C:\Users\陆凯利\Dropbox\Study\BHCC\2013 Spring\CIT-120-02 Intro to Computer Sci\Labs\Final Practice\Release\Final Practice.lib" /MACHINE:X86 Release\Practice.obj
         Release\TEMP.obj
         Generating code
     1>c:\users\陆凯利\dropbox\study\bhcc\2013 spring\cit-120-02 intro to computer sci\labs\final practice\practice.cpp(76): warning C4700: uninitialized local variable 'answer' used
         Finished generating code
         Final Practice.vcxproj -> C:\Users\陆凯利\Dropbox\Study\BHCC\2013 Spring\CIT-120-02 Intro to Computer Sci\Labs\Final Practice\Release\Final Practice.exe
       Manifest:
         C:\Program Files (x86)\Microsoft SDKs\Windows\v7.0A\bin\mt.exe /nologo /verbose /outputresource:"C:\Users\陆凯利\Dropbox\Study\BHCC\2013 Spring\CIT-120-02 Intro to Computer Sci\Labs\Final Practice\Release\Final Practice.exe;#1" /manifest "Release\Final Practice.exe.intermediate.manifest"
       FinalizeBuildStatus:
         Deleting file "Release\Final Practice.unsuccessfulbuild".
         Touching "Release\Final Practice.lastbuildstate".
     1>Done Building Project "C:\Users\陆凯利\Dropbox\Study\BHCC\2013 Spring\CIT-120-02 Intro to Computer Sci\Labs\Final Practice\Final Practice.vcxproj" (build target(s)).

Build succeeded.

Time Elapsed 00:00:01.12
