Build started 6/24/2013 3:10:30 PM.
     1>Project "C:\Users\ct-d119\Dropbox\Study\BHCC\2013 Summer\CIT-120-A1 Intro to Computer Sci\Labs\Lab 8 Switch Cases\Grade_Step2 [93, 100], [83, 93)\Grade_Step2 [93, 100], [83, 93).vcxproj" on node 2 (build target(s)).
     1>InitializeBuildStatus:
         Creating "Release\Grade_Step2 [93, 100], [83, 93).unsuccessfulbuild" because "AlwaysCreate" was specified.
       ClCompile:
         c:\Program Files\Microsoft Visual Studio 10.0\VC\bin\CL.exe /c /Zi /nologo /W3 /WX- /O2 /Oi /Oy- /GL /D WIN32 /D NDEBUG /D _CONSOLE /D _UNICODE /D UNICODE /Gm- /EHsc /MD /GS /Gy /fp:precise /Zc:wchar_t /Zc:forScope /Fo"Release\\" /Fd"Release\vc100.pdb" /Gd /TP /analyze- /errorReport:prompt "Grade_Step2 [93, 100], [83, 93).cpp"
         Grade_Step2 [93, 100], [83, 93).cpp
       Link:
         c:\Program Files\Microsoft Visual Studio 10.0\VC\bin\link.exe /ERRORREPORT:PROMPT /OUT:"C:\Users\ct-d119\Dropbox\Study\BHCC\2013 Summer\CIT-120-A1 Intro to Computer Sci\Labs\Lab 8 Switch Cases\Grade_Step2 [93, 100], [83, 93)\Release\Grade_Step2 [93, 100], [83, 93).exe" /INCREMENTAL:NO /NOLOGO kernel32.lib user32.lib gdi32.lib winspool.lib comdlg32.lib advapi32.lib shell32.lib ole32.lib oleaut32.lib uuid.lib odbc32.lib odbccp32.lib /MANIFEST /ManifestFile:"Release\Grade_Step2 [93, 100], [83, 93).exe.intermediate.manifest" /MANIFESTUAC:"level='asInvoker' uiAccess='false'" /DEBUG /PDB:"C:\Users\ct-d119\Dropbox\Study\BHCC\2013 Summer\CIT-120-A1 Intro to Computer Sci\Labs\Lab 8 Switch Cases\Grade_Step2 [93, 100], [83, 93)\Release\Grade_Step2 [93, 100], [83, 93).pdb" /SUBSYSTEM:CONSOLE /OPT:REF /OPT:ICF /LTCG /TLBID:1 /DYNAMICBASE /NXCOMPAT /IMPLIB:"C:\Users\ct-d119\Dropbox\Study\BHCC\2013 Summer\CIT-120-A1 Intro to Computer Sci\Labs\Lab 8 Switch Cases\Grade_Step2 [93, 100], [83, 93)\Release\Grade_Step2 [93, 100], [83, 93).lib" /MACHINE:X86 "Release\Grade_Step2 [93, 100], [83, 93).obj"
         Generating code
         Finished generating code
         Grade_Step2 [93, 100], [83, 93).vcxproj -> C:\Users\ct-d119\Dropbox\Study\BHCC\2013 Summer\CIT-120-A1 Intro to Computer Sci\Labs\Lab 8 Switch Cases\Grade_Step2 [93, 100], [83, 93)\Release\Grade_Step2 [93, 100], [83, 93).exe
       Manifest:
         C:\Program Files\Microsoft SDKs\Windows\v7.0A\bin\mt.exe /nologo /verbose /outputresource:"C:\Users\ct-d119\Dropbox\Study\BHCC\2013 Summer\CIT-120-A1 Intro to Computer Sci\Labs\Lab 8 Switch Cases\Grade_Step2 [93, 100], [83, 93)\Release\Grade_Step2 [93, 100], [83, 93).exe;#1" /manifest "Release\Grade_Step2 [93, 100], [83, 93).exe.intermediate.manifest"
       FinalizeBuildStatus:
         Deleting file "Release\Grade_Step2 [93, 100], [83, 93).unsuccessfulbuild".
         Touching "Release\Grade_Step2 [93, 100], [83, 93).lastbuildstate".
     1>Done Building Project "C:\Users\ct-d119\Dropbox\Study\BHCC\2013 Summer\CIT-120-A1 Intro to Computer Sci\Labs\Lab 8 Switch Cases\Grade_Step2 [93, 100], [83, 93)\Grade_Step2 [93, 100], [83, 93).vcxproj" (build target(s)).

Build succeeded.

Time Elapsed 00:00:01.49
