Build started 7/8/2013 1:51:20 PM.
     1>Project "C:\Users\ct-d119\Dropbox\Study\BHCC\2013 Summer\CIT-120-A1 Intro to Computer Sci\Labs\For Loop Labs\3. Prime or not\3. Prime or not.vcxproj" on node 2 (build target(s)).
     1>InitializeBuildStatus:
         Creating "Release\3. Prime or not.unsuccessfulbuild" because "AlwaysCreate" was specified.
       ClCompile:
         c:\Program Files\Microsoft Visual Studio 10.0\VC\bin\CL.exe /c /Zi /nologo /W3 /WX- /O2 /Oi /Oy- /GL /D WIN32 /D NDEBUG /D _CONSOLE /D _UNICODE /D UNICODE /Gm- /EHsc /MD /GS /Gy /fp:precise /Zc:wchar_t /Zc:forScope /Fo"Release\\" /Fd"Release\vc100.pdb" /Gd /TP /analyze- /errorReport:prompt 3_Prime_or_Not.cpp
         3_Prime_or_Not.cpp
       Link:
         c:\Program Files\Microsoft Visual Studio 10.0\VC\bin\link.exe /ERRORREPORT:PROMPT /OUT:"C:\Users\ct-d119\Dropbox\Study\BHCC\2013 Summer\CIT-120-A1 Intro to Computer Sci\Labs\For Loop Labs\3. Prime or not\Release\3. Prime or not.exe" /INCREMENTAL:NO /NOLOGO kernel32.lib user32.lib gdi32.lib winspool.lib comdlg32.lib advapi32.lib shell32.lib ole32.lib oleaut32.lib uuid.lib odbc32.lib odbccp32.lib /MANIFEST /ManifestFile:"Release\3. Prime or not.exe.intermediate.manifest" /MANIFESTUAC:"level='asInvoker' uiAccess='false'" /DEBUG /PDB:"C:\Users\ct-d119\Dropbox\Study\BHCC\2013 Summer\CIT-120-A1 Intro to Computer Sci\Labs\For Loop Labs\3. Prime or not\Release\3. Prime or not.pdb" /SUBSYSTEM:CONSOLE /OPT:REF /OPT:ICF /LTCG /TLBID:1 /DYNAMICBASE /NXCOMPAT /IMPLIB:"C:\Users\ct-d119\Dropbox\Study\BHCC\2013 Summer\CIT-120-A1 Intro to Computer Sci\Labs\For Loop Labs\3. Prime or not\Release\3. Prime or not.lib" /MACHINE:X86 Release\3_Prime_or_Not.obj
         Generating code
         Finished generating code
         3. Prime or not.vcxproj -> C:\Users\ct-d119\Dropbox\Study\BHCC\2013 Summer\CIT-120-A1 Intro to Computer Sci\Labs\For Loop Labs\3. Prime or not\Release\3. Prime or not.exe
       Manifest:
         C:\Program Files\Microsoft SDKs\Windows\v7.0A\bin\mt.exe /nologo /verbose /outputresource:"C:\Users\ct-d119\Dropbox\Study\BHCC\2013 Summer\CIT-120-A1 Intro to Computer Sci\Labs\For Loop Labs\3. Prime or not\Release\3. Prime or not.exe;#1" /manifest "Release\3. Prime or not.exe.intermediate.manifest"
       FinalizeBuildStatus:
         Deleting file "Release\3. Prime or not.unsuccessfulbuild".
         Touching "Release\3. Prime or not.lastbuildstate".
     1>Done Building Project "C:\Users\ct-d119\Dropbox\Study\BHCC\2013 Summer\CIT-120-A1 Intro to Computer Sci\Labs\For Loop Labs\3. Prime or not\3. Prime or not.vcxproj" (build target(s)).

Build succeeded.

Time Elapsed 00:00:02.02
