Build started 6/9/2013 1:04:34 PM.
     1>Project "X:\Dropbox\Study\BHCC\2013 Spring\CIT-120-02 Intro to Computer Sci\Labs\Lab 1 Print Name\Lab 1 Print Name.vcxproj" on node 2 (build target(s)).
     1>InitializeBuildStatus:
         Creating "Release\Lab 1 Print Name.unsuccessfulbuild" because "AlwaysCreate" was specified.
       ClCompile:
         C:\Program Files\Microsoft Visual Studio 10.0\VC\bin\CL.exe /c /Zi /nologo /W3 /WX- /O2 /Oi /Oy- /GL /D WIN32 /D NDEBUG /D _CONSOLE /D _UNICODE /D UNICODE /Gm- /EHsc /MD /GS /Gy /fp:precise /Zc:wchar_t /Zc:forScope /Fo"Release\\" /Fd"Release\vc100.pdb" /Gd /TP /analyze- /errorReport:prompt "Lab 1 Print Name.cpp"
         Lab 1 Print Name.cpp
       Link:
         C:\Program Files\Microsoft Visual Studio 10.0\VC\bin\link.exe /ERRORREPORT:PROMPT /OUT:"X:\Dropbox\Study\BHCC\2013 Spring\CIT-120-02 Intro to Computer Sci\Labs\Lab 1 Print Name\Release\Lab 1 Print Name.exe" /INCREMENTAL:NO /NOLOGO kernel32.lib user32.lib gdi32.lib winspool.lib comdlg32.lib advapi32.lib shell32.lib ole32.lib oleaut32.lib uuid.lib odbc32.lib odbccp32.lib /MANIFEST /ManifestFile:"Release\Lab 1 Print Name.exe.intermediate.manifest" /MANIFESTUAC:"level='asInvoker' uiAccess='false'" /DEBUG /PDB:"X:\Dropbox\Study\BHCC\2013 Spring\CIT-120-02 Intro to Computer Sci\Labs\Lab 1 Print Name\Release\Lab 1 Print Name.pdb" /SUBSYSTEM:CONSOLE /OPT:REF /OPT:ICF /LTCG /TLBID:1 /DYNAMICBASE /NXCOMPAT /IMPLIB:"X:\Dropbox\Study\BHCC\2013 Spring\CIT-120-02 Intro to Computer Sci\Labs\Lab 1 Print Name\Release\Lab 1 Print Name.lib" /MACHINE:X86 "Release\Lab 1 Print Name.obj"
         Generating code
         Finished generating code
         Lab 1 Print Name.vcxproj -> X:\Dropbox\Study\BHCC\2013 Spring\CIT-120-02 Intro to Computer Sci\Labs\Lab 1 Print Name\Release\Lab 1 Print Name.exe
       Manifest:
         C:\Program Files\Microsoft SDKs\Windows\v7.0A\bin\mt.exe /nologo /verbose /outputresource:"X:\Dropbox\Study\BHCC\2013 Spring\CIT-120-02 Intro to Computer Sci\Labs\Lab 1 Print Name\Release\Lab 1 Print Name.exe;#1" /manifest "Release\Lab 1 Print Name.exe.intermediate.manifest"
       FinalizeBuildStatus:
         Deleting file "Release\Lab 1 Print Name.unsuccessfulbuild".
         Touching "Release\Lab 1 Print Name.lastbuildstate".
     1>Done Building Project "X:\Dropbox\Study\BHCC\2013 Spring\CIT-120-02 Intro to Computer Sci\Labs\Lab 1 Print Name\Lab 1 Print Name.vcxproj" (build target(s)).

Build succeeded.

Time Elapsed 00:00:05.03
