Build started 8/12/2013 12:46:33 PM.
     1>Project "C:\Users\ct-d119\Dropbox\bhcc\2013 summer\CIT-120-A1 Intro to Computer Sci\Labs\Comprehencive Arrays Lab\Comprehencive Arrays Lab.vcxproj" on node 2 (build target(s)).
     1>InitializeBuildStatus:
         Creating "Release\Comprehencive Arrays Lab.unsuccessfulbuild" because "AlwaysCreate" was specified.
       ClCompile:
         c:\Program Files\Microsoft Visual Studio 10.0\VC\bin\CL.exe /c /Zi /nologo /W3 /WX- /O2 /Oi /Oy- /GL /D WIN32 /D NDEBUG /D _CONSOLE /D _UNICODE /D UNICODE /Gm- /EHsc /MD /GS /Gy /fp:precise /Zc:wchar_t /Zc:forScope /Fo"Release\\" /Fd"Release\vc100.pdb" /Gd /TP /analyze- /errorReport:prompt "Comprehencive Arrays Lab.cpp" Function_Codes.cpp
         Comprehencive Arrays Lab.cpp
         Function_Codes.cpp
       Link:
         c:\Program Files\Microsoft Visual Studio 10.0\VC\bin\link.exe /ERRORREPORT:PROMPT /OUT:"C:\Users\ct-d119\Dropbox\bhcc\2013 summer\CIT-120-A1 Intro to Computer Sci\Labs\Comprehencive Arrays Lab\Release\Comprehencive Arrays Lab.exe" /INCREMENTAL:NO /NOLOGO kernel32.lib user32.lib gdi32.lib winspool.lib comdlg32.lib advapi32.lib shell32.lib ole32.lib oleaut32.lib uuid.lib odbc32.lib odbccp32.lib /MANIFEST /ManifestFile:"Release\Comprehencive Arrays Lab.exe.intermediate.manifest" /MANIFESTUAC:"level='asInvoker' uiAccess='false'" /DEBUG /PDB:"C:\Users\ct-d119\Dropbox\bhcc\2013 summer\CIT-120-A1 Intro to Computer Sci\Labs\Comprehencive Arrays Lab\Release\Comprehencive Arrays Lab.pdb" /SUBSYSTEM:CONSOLE /OPT:REF /OPT:ICF /LTCG /TLBID:1 /DYNAMICBASE /NXCOMPAT /IMPLIB:"C:\Users\ct-d119\Dropbox\bhcc\2013 summer\CIT-120-A1 Intro to Computer Sci\Labs\Comprehencive Arrays Lab\Release\Comprehencive Arrays Lab.lib" /MACHINE:X86 "Release\Comprehencive Arrays Lab.obj"
         Release\Function_Codes.obj
         Generating code
     1>c:\users\ct-d119\dropbox\bhcc\2013 summer\cit-120-a1 intro to computer sci\labs\comprehencive arrays lab\comprehencive arrays lab.cpp(18): warning C4789: destination of memory copy is too small
         Finished generating code
         Comprehencive Arrays Lab.vcxproj -> C:\Users\ct-d119\Dropbox\bhcc\2013 summer\CIT-120-A1 Intro to Computer Sci\Labs\Comprehencive Arrays Lab\Release\Comprehencive Arrays Lab.exe
       Manifest:
         C:\Program Files\Microsoft SDKs\Windows\v7.0A\bin\mt.exe /nologo /verbose /outputresource:"C:\Users\ct-d119\Dropbox\bhcc\2013 summer\CIT-120-A1 Intro to Computer Sci\Labs\Comprehencive Arrays Lab\Release\Comprehencive Arrays Lab.exe;#1" /manifest "Release\Comprehencive Arrays Lab.exe.intermediate.manifest"
       FinalizeBuildStatus:
         Deleting file "Release\Comprehencive Arrays Lab.unsuccessfulbuild".
         Touching "Release\Comprehencive Arrays Lab.lastbuildstate".
     1>Done Building Project "C:\Users\ct-d119\Dropbox\bhcc\2013 summer\CIT-120-A1 Intro to Computer Sci\Labs\Comprehencive Arrays Lab\Comprehencive Arrays Lab.vcxproj" (build target(s)).

Build succeeded.

Time Elapsed 00:00:02.63
