Build started 7/10/2013 12:20:52 PM.
     1>Project "X:\Dropbox\Study\BHCC\2013 Summer\CIT-120-A1 Intro to Computer Sci\Labs\Fake_AI\Fake_AI.vcxproj" on node 2 (build target(s)).
     1>InitializeBuildStatus:
         Creating "Release\Fake_AI.unsuccessfulbuild" because "AlwaysCreate" was specified.
       ClCompile:
         C:\Program Files\Microsoft Visual Studio 10.0\VC\bin\CL.exe /c /Zi /nologo /W3 /WX- /O2 /Oi /Oy- /GL /D WIN32 /D NDEBUG /D _CONSOLE /D _UNICODE /D UNICODE /Gm- /EHsc /MD /GS /Gy /fp:precise /Zc:wchar_t /Zc:forScope /Fo"Release\\" /Fd"Release\vc100.pdb" /Gd /TP /analyze- /errorReport:prompt Fake_AI.cpp
         Fake_AI.cpp
       Link:
         C:\Program Files\Microsoft Visual Studio 10.0\VC\bin\link.exe /ERRORREPORT:PROMPT /OUT:"X:\Dropbox\Study\BHCC\2013 Summer\CIT-120-A1 Intro to Computer Sci\Labs\Fake_AI\Release\Fake_AI.exe" /INCREMENTAL:NO /NOLOGO kernel32.lib user32.lib gdi32.lib winspool.lib comdlg32.lib advapi32.lib shell32.lib ole32.lib oleaut32.lib uuid.lib odbc32.lib odbccp32.lib /MANIFEST /ManifestFile:"Release\Fake_AI.exe.intermediate.manifest" /MANIFESTUAC:"level='asInvoker' uiAccess='false'" /DEBUG /PDB:"X:\Dropbox\Study\BHCC\2013 Summer\CIT-120-A1 Intro to Computer Sci\Labs\Fake_AI\Release\Fake_AI.pdb" /SUBSYSTEM:CONSOLE /OPT:REF /OPT:ICF /LTCG /TLBID:1 /DYNAMICBASE /NXCOMPAT /IMPLIB:"X:\Dropbox\Study\BHCC\2013 Summer\CIT-120-A1 Intro to Computer Sci\Labs\Fake_AI\Release\Fake_AI.lib" /MACHINE:X86 Release\Fake_AI.obj
         Generating code
         Finished generating code
         Fake_AI.vcxproj -> X:\Dropbox\Study\BHCC\2013 Summer\CIT-120-A1 Intro to Computer Sci\Labs\Fake_AI\Release\Fake_AI.exe
       Manifest:
         C:\Program Files\Microsoft SDKs\Windows\v7.0A\bin\mt.exe /nologo /verbose /outputresource:"X:\Dropbox\Study\BHCC\2013 Summer\CIT-120-A1 Intro to Computer Sci\Labs\Fake_AI\Release\Fake_AI.exe;#1" /manifest Release\Fake_AI.exe.intermediate.manifest
       FinalizeBuildStatus:
         Deleting file "Release\Fake_AI.unsuccessfulbuild".
         Touching "Release\Fake_AI.lastbuildstate".
     1>Done Building Project "X:\Dropbox\Study\BHCC\2013 Summer\CIT-120-A1 Intro to Computer Sci\Labs\Fake_AI\Fake_AI.vcxproj" (build target(s)).

Build succeeded.

Time Elapsed 00:00:01.16
