Build started 6/26/2013 11:46:53 AM.
     1>Project "X:\Dropbox\Study\BHCC\2013 Summer\CIT-120-A1 Intro to Computer Sci\Labs\Group Project_2_Action Performer\Group Project 2 Action Performer.vcxproj" on node 2 (build target(s)).
     1>InitializeBuildStatus:
         Creating "Release\Group Project 2 Action Performer.unsuccessfulbuild" because "AlwaysCreate" was specified.
       ClCompile:
         C:\Program Files\Microsoft Visual Studio 10.0\VC\bin\CL.exe /c /Zi /nologo /W3 /WX- /O2 /Oi /Oy- /GL /D WIN32 /D NDEBUG /D _CONSOLE /D _UNICODE /D UNICODE /Gm- /EHsc /MD /GS /Gy /fp:precise /Zc:wchar_t /Zc:forScope /Fo"Release\\" /Fd"Release\vc100.pdb" /Gd /TP /analyze- /errorReport:prompt "Group Project 2 Action Performer.cpp"
         Group Project 2 Action Performer.cpp
       Link:
         C:\Program Files\Microsoft Visual Studio 10.0\VC\bin\link.exe /ERRORREPORT:PROMPT /OUT:"X:\Dropbox\Study\BHCC\2013 Summer\CIT-120-A1 Intro to Computer Sci\Labs\Group Project_2_Action Performer\Release\Group Project 2 Action Performer.exe" /INCREMENTAL:NO /NOLOGO kernel32.lib user32.lib gdi32.lib winspool.lib comdlg32.lib advapi32.lib shell32.lib ole32.lib oleaut32.lib uuid.lib odbc32.lib odbccp32.lib /MANIFEST /ManifestFile:"Release\Group Project 2 Action Performer.exe.intermediate.manifest" /MANIFESTUAC:"level='asInvoker' uiAccess='false'" /DEBUG /PDB:"X:\Dropbox\Study\BHCC\2013 Summer\CIT-120-A1 Intro to Computer Sci\Labs\Group Project_2_Action Performer\Release\Group Project 2 Action Performer.pdb" /SUBSYSTEM:CONSOLE /OPT:REF /OPT:ICF /LTCG /TLBID:1 /DYNAMICBASE /NXCOMPAT /IMPLIB:"X:\Dropbox\Study\BHCC\2013 Summer\CIT-120-A1 Intro to Computer Sci\Labs\Group Project_2_Action Performer\Release\Group Project 2 Action Performer.lib" /MACHINE:X86 "Release\Group Project 2 Action Performer.obj"
         Generating code
         Finished generating code
         Group Project 2 Action Performer.vcxproj -> X:\Dropbox\Study\BHCC\2013 Summer\CIT-120-A1 Intro to Computer Sci\Labs\Group Project_2_Action Performer\Release\Group Project 2 Action Performer.exe
       Manifest:
         C:\Program Files\Microsoft SDKs\Windows\v7.0A\bin\mt.exe /nologo /verbose /outputresource:"X:\Dropbox\Study\BHCC\2013 Summer\CIT-120-A1 Intro to Computer Sci\Labs\Group Project_2_Action Performer\Release\Group Project 2 Action Performer.exe;#1" /manifest "Release\Group Project 2 Action Performer.exe.intermediate.manifest"
       FinalizeBuildStatus:
         Deleting file "Release\Group Project 2 Action Performer.unsuccessfulbuild".
         Touching "Release\Group Project 2 Action Performer.lastbuildstate".
     1>Done Building Project "X:\Dropbox\Study\BHCC\2013 Summer\CIT-120-A1 Intro to Computer Sci\Labs\Group Project_2_Action Performer\Group Project 2 Action Performer.vcxproj" (build target(s)).

Build succeeded.

Time Elapsed 00:00:02.03
