Build started 6/24/2013 1:12:02 PM.
     1>Project "C:\Users\ct-d119\Desktop\Lab 7 Read Digits as Char\Lab 7 Read Digits as Char.vcxproj" on node 2 (build target(s)).
     1>InitializeBuildStatus:
         Creating "Release\Lab 7 Read Digits as Char.unsuccessfulbuild" because "AlwaysCreate" was specified.
       ClCompile:
         c:\Program Files\Microsoft Visual Studio 10.0\VC\bin\CL.exe /c /Zi /nologo /W3 /WX- /O2 /Oi /Oy- /GL /D WIN32 /D NDEBUG /D _CONSOLE /D _UNICODE /D UNICODE /Gm- /EHsc /MD /GS /Gy /fp:precise /Zc:wchar_t /Zc:forScope /Fo"Release\\" /Fd"Release\vc100.pdb" /Gd /TP /analyze- /errorReport:prompt "Lab 7 Read Digits as Char.cpp"
         Lab 7 Read Digits as Char.cpp
       Link:
         c:\Program Files\Microsoft Visual Studio 10.0\VC\bin\link.exe /ERRORREPORT:PROMPT /OUT:"C:\Users\ct-d119\Desktop\Lab 7 Read Digits as Char\Release\Lab 7 Read Digits as Char.exe" /INCREMENTAL:NO /NOLOGO kernel32.lib user32.lib gdi32.lib winspool.lib comdlg32.lib advapi32.lib shell32.lib ole32.lib oleaut32.lib uuid.lib odbc32.lib odbccp32.lib /MANIFEST /ManifestFile:"Release\Lab 7 Read Digits as Char.exe.intermediate.manifest" /MANIFESTUAC:"level='asInvoker' uiAccess='false'" /DEBUG /PDB:"C:\Users\ct-d119\Desktop\Lab 7 Read Digits as Char\Release\Lab 7 Read Digits as Char.pdb" /SUBSYSTEM:CONSOLE /OPT:REF /OPT:ICF /LTCG /TLBID:1 /DYNAMICBASE /NXCOMPAT /IMPLIB:"C:\Users\ct-d119\Desktop\Lab 7 Read Digits as Char\Release\Lab 7 Read Digits as Char.lib" /MACHINE:X86 "Release\Lab 7 Read Digits as Char.obj"
         Generating code
         Finished generating code
         Lab 7 Read Digits as Char.vcxproj -> C:\Users\ct-d119\Desktop\Lab 7 Read Digits as Char\Release\Lab 7 Read Digits as Char.exe
       Manifest:
         C:\Program Files\Microsoft SDKs\Windows\v7.0A\bin\mt.exe /nologo /verbose /outputresource:"C:\Users\ct-d119\Desktop\Lab 7 Read Digits as Char\Release\Lab 7 Read Digits as Char.exe;#1" /manifest "Release\Lab 7 Read Digits as Char.exe.intermediate.manifest"
       FinalizeBuildStatus:
         Deleting file "Release\Lab 7 Read Digits as Char.unsuccessfulbuild".
         Touching "Release\Lab 7 Read Digits as Char.lastbuildstate".
     1>Done Building Project "C:\Users\ct-d119\Desktop\Lab 7 Read Digits as Char\Lab 7 Read Digits as Char.vcxproj" (build target(s)).

Build succeeded.

Time Elapsed 00:00:01.50
