Build started 2013-4-3 14:08:18.
     1>Project "\\psf\Dropbox\Study\BHCC\2013 Spring\CIT-120-02 Intro to Computer Sci\Labs\Mid_Term_Kaili_Lu\Mid_Term_Kaili_Lu.vcxproj" on node 2 (build target(s)).
     1>InitializeBuildStatus:
         Creating "Release\Mid_Term_Kaili_Lu.unsuccessfulbuild" because "AlwaysCreate" was specified.
       ClCompile:
         C:\Program Files\Microsoft Visual Studio 10.0\VC\bin\CL.exe /c /Zi /nologo /W3 /WX- /O2 /Oi /Oy- /GL /D WIN32 /D NDEBUG /D _CONSOLE /D _UNICODE /D UNICODE /Gm- /EHsc /MD /GS /Gy /fp:precise /Zc:wchar_t /Zc:forScope /Fo"Release\\" /Fd"Release\vc100.pdb" /Gd /TP /analyze- /errorReport:prompt Mid_Term_Kaili_Lu.cpp
         Mid_Term_Kaili_Lu.cpp
     1>Mid_Term_Kaili_Lu.cpp(56): warning C4244: '+=' : conversion from 'double' to 'int', possible loss of data
     1>Mid_Term_Kaili_Lu.cpp(59): warning C4244: '=' : conversion from 'double' to 'int', possible loss of data
       Link:
         C:\Program Files\Microsoft Visual Studio 10.0\VC\bin\link.exe /ERRORREPORT:PROMPT /OUT:"\\psf\Dropbox\Study\BHCC\2013 Spring\CIT-120-02 Intro to Computer Sci\Labs\Mid_Term_Kaili_Lu\Release\Mid_Term_Kaili_Lu.exe" /INCREMENTAL:NO /NOLOGO kernel32.lib user32.lib gdi32.lib winspool.lib comdlg32.lib advapi32.lib shell32.lib ole32.lib oleaut32.lib uuid.lib odbc32.lib odbccp32.lib /MANIFEST /ManifestFile:"Release\Mid_Term_Kaili_Lu.exe.intermediate.manifest" /MANIFESTUAC:"level='asInvoker' uiAccess='false'" /DEBUG /PDB:"\\psf\Dropbox\Study\BHCC\2013 Spring\CIT-120-02 Intro to Computer Sci\Labs\Mid_Term_Kaili_Lu\Release\Mid_Term_Kaili_Lu.pdb" /SUBSYSTEM:CONSOLE /OPT:REF /OPT:ICF /LTCG /TLBID:1 /DYNAMICBASE /NXCOMPAT /IMPLIB:"\\psf\Dropbox\Study\BHCC\2013 Spring\CIT-120-02 Intro to Computer Sci\Labs\Mid_Term_Kaili_Lu\Release\Mid_Term_Kaili_Lu.lib" /MACHINE:X86 Release\Mid_Term_Kaili_Lu.obj
         Generating code
         Finished generating code
         Mid_Term_Kaili_Lu.vcxproj -> \\psf\Dropbox\Study\BHCC\2013 Spring\CIT-120-02 Intro to Computer Sci\Labs\Mid_Term_Kaili_Lu\Release\Mid_Term_Kaili_Lu.exe
       Manifest:
         C:\Program Files\Microsoft SDKs\Windows\v7.0A\bin\mt.exe /nologo /verbose /outputresource:"\\psf\Dropbox\Study\BHCC\2013 Spring\CIT-120-02 Intro to Computer Sci\Labs\Mid_Term_Kaili_Lu\Release\Mid_Term_Kaili_Lu.exe;#1" /manifest Release\Mid_Term_Kaili_Lu.exe.intermediate.manifest
       FinalizeBuildStatus:
         Deleting file "Release\Mid_Term_Kaili_Lu.unsuccessfulbuild".
         Touching "Release\Mid_Term_Kaili_Lu.lastbuildstate".
     1>Done Building Project "\\psf\Dropbox\Study\BHCC\2013 Spring\CIT-120-02 Intro to Computer Sci\Labs\Mid_Term_Kaili_Lu\Mid_Term_Kaili_Lu.vcxproj" (build target(s)).

Build succeeded.

Time Elapsed 00:00:02.29
