Build started 7/10/2013 12:49:09 PM.
     1>Project "C:\Users\ct-d119\Dropbox\Study\BHCC\2013 Summer\CIT-120-A1 Intro to Computer Sci\Labs\For Loop Labs\1. Odd Numbers\1. Odd Numbers.vcxproj" on node 2 (build target(s)).
     1>InitializeBuildStatus:
         Creating "Release\1. Odd Numbers.unsuccessfulbuild" because "AlwaysCreate" was specified.
       ClCompile:
         c:\Program Files\Microsoft Visual Studio 10.0\VC\bin\CL.exe /c /Zi /nologo /W3 /WX- /O2 /Oi /Oy- /GL /D WIN32 /D NDEBUG /D _CONSOLE /D _UNICODE /D UNICODE /Gm- /EHsc /MD /GS /Gy /fp:precise /Zc:wchar_t /Zc:forScope /Fo"Release\\" /Fd"Release\vc100.pdb" /Gd /TP /analyze- /errorReport:prompt 1_Odd_Numbers.cpp
         1_Odd_Numbers.cpp
     1>1_Odd_Numbers.cpp(24): warning C4244: '=' : conversion from 'double' to 'int', possible loss of data
       Link:
         c:\Program Files\Microsoft Visual Studio 10.0\VC\bin\link.exe /ERRORREPORT:PROMPT /OUT:"C:\Users\ct-d119\Dropbox\Study\BHCC\2013 Summer\CIT-120-A1 Intro to Computer Sci\Labs\For Loop Labs\1. Odd Numbers\Release\1. Odd Numbers.exe" /INCREMENTAL:NO /NOLOGO kernel32.lib user32.lib gdi32.lib winspool.lib comdlg32.lib advapi32.lib shell32.lib ole32.lib oleaut32.lib uuid.lib odbc32.lib odbccp32.lib /MANIFEST /ManifestFile:"Release\1. Odd Numbers.exe.intermediate.manifest" /MANIFESTUAC:"level='asInvoker' uiAccess='false'" /DEBUG /PDB:"C:\Users\ct-d119\Dropbox\Study\BHCC\2013 Summer\CIT-120-A1 Intro to Computer Sci\Labs\For Loop Labs\1. Odd Numbers\Release\1. Odd Numbers.pdb" /SUBSYSTEM:CONSOLE /OPT:REF /OPT:ICF /LTCG /TLBID:1 /DYNAMICBASE /NXCOMPAT /IMPLIB:"C:\Users\ct-d119\Dropbox\Study\BHCC\2013 Summer\CIT-120-A1 Intro to Computer Sci\Labs\For Loop Labs\1. Odd Numbers\Release\1. Odd Numbers.lib" /MACHINE:X86 Release\1_Odd_Numbers.obj
         Generating code
         Finished generating code
         1. Odd Numbers.vcxproj -> C:\Users\ct-d119\Dropbox\Study\BHCC\2013 Summer\CIT-120-A1 Intro to Computer Sci\Labs\For Loop Labs\1. Odd Numbers\Release\1. Odd Numbers.exe
       Manifest:
         C:\Program Files\Microsoft SDKs\Windows\v7.0A\bin\mt.exe /nologo /verbose /outputresource:"C:\Users\ct-d119\Dropbox\Study\BHCC\2013 Summer\CIT-120-A1 Intro to Computer Sci\Labs\For Loop Labs\1. Odd Numbers\Release\1. Odd Numbers.exe;#1" /manifest "Release\1. Odd Numbers.exe.intermediate.manifest"
       FinalizeBuildStatus:
         Deleting file "Release\1. Odd Numbers.unsuccessfulbuild".
         Touching "Release\1. Odd Numbers.lastbuildstate".
     1>Done Building Project "C:\Users\ct-d119\Dropbox\Study\BHCC\2013 Summer\CIT-120-A1 Intro to Computer Sci\Labs\For Loop Labs\1. Odd Numbers\1. Odd Numbers.vcxproj" (build target(s)).

Build succeeded.

Time Elapsed 00:00:01.88
