Build started 4/2/2013 3:32:05 PM.
     1>Project "C:\Users\ct-d101\Dropbox\Study\BHCC\2013 Spring\CIT-120-02 Intro to Computer Sci\Labs\Function Labs\First Function Program\First Function Program.vcxproj" on node 2 (build target(s)).
     1>InitializeBuildStatus:
         Creating "Release\First Function Program.unsuccessfulbuild" because "AlwaysCreate" was specified.
       ClCompile:
         c:\Program Files\Microsoft Visual Studio 10.0\VC\bin\CL.exe /c /Zi /nologo /W3 /WX- /O2 /Oi /Oy- /GL /D WIN32 /D NDEBUG /D _CONSOLE /D _UNICODE /D UNICODE /Gm- /EHsc /MD /GS /Gy /fp:precise /Zc:wchar_t /Zc:forScope /Fo"Release\\" /Fd"Release\vc100.pdb" /Gd /TP /analyze- /errorReport:prompt "First Function Program.cpp"
         First Function Program.cpp
       Link:
         c:\Program Files\Microsoft Visual Studio 10.0\VC\bin\link.exe /ERRORREPORT:PROMPT /OUT:"C:\Users\ct-d101\Dropbox\Study\BHCC\2013 Spring\CIT-120-02 Intro to Computer Sci\Labs\Function Labs\First Function Program\Release\First Function Program.exe" /INCREMENTAL:NO /NOLOGO kernel32.lib user32.lib gdi32.lib winspool.lib comdlg32.lib advapi32.lib shell32.lib ole32.lib oleaut32.lib uuid.lib odbc32.lib odbccp32.lib /MANIFEST /ManifestFile:"Release\First Function Program.exe.intermediate.manifest" /MANIFESTUAC:"level='asInvoker' uiAccess='false'" /DEBUG /PDB:"C:\Users\ct-d101\Dropbox\Study\BHCC\2013 Spring\CIT-120-02 Intro to Computer Sci\Labs\Function Labs\First Function Program\Release\First Function Program.pdb" /SUBSYSTEM:CONSOLE /OPT:REF /OPT:ICF /LTCG /TLBID:1 /DYNAMICBASE /NXCOMPAT /IMPLIB:"C:\Users\ct-d101\Dropbox\Study\BHCC\2013 Spring\CIT-120-02 Intro to Computer Sci\Labs\Function Labs\First Function Program\Release\First Function Program.lib" /MACHINE:X86 "Release\First Function Program.obj"
         Generating code
     1>c:\users\ct-d101\dropbox\study\bhcc\2013 spring\cit-120-02 intro to computer sci\labs\function labs\first function program\first function program.cpp(20): warning C4700: uninitialized local variable 'x' used
         Finished generating code
         First Function Program.vcxproj -> C:\Users\ct-d101\Dropbox\Study\BHCC\2013 Spring\CIT-120-02 Intro to Computer Sci\Labs\Function Labs\First Function Program\Release\First Function Program.exe
       Manifest:
         C:\Program Files\Microsoft SDKs\Windows\v7.0A\bin\mt.exe /nologo /verbose /outputresource:"C:\Users\ct-d101\Dropbox\Study\BHCC\2013 Spring\CIT-120-02 Intro to Computer Sci\Labs\Function Labs\First Function Program\Release\First Function Program.exe;#1" /manifest "Release\First Function Program.exe.intermediate.manifest"
       FinalizeBuildStatus:
         Deleting file "Release\First Function Program.unsuccessfulbuild".
         Touching "Release\First Function Program.lastbuildstate".
     1>Done Building Project "C:\Users\ct-d101\Dropbox\Study\BHCC\2013 Spring\CIT-120-02 Intro to Computer Sci\Labs\Function Labs\First Function Program\First Function Program.vcxproj" (build target(s)).

Build succeeded.

Time Elapsed 00:00:03.41
