Build started 7/8/2013 12:45:14 PM.
     1>Project "C:\Users\ct-d119\Dropbox\Study\BHCC\2013 Summer\CIT-120-A1 Intro to Computer Sci\Labs\For Loop Labs\6. Print A Character Array Vertically\6. Print A Character Array Vertically.vcxproj" on node 2 (build target(s)).
     1>InitializeBuildStatus:
         Creating "Release\6. Print A Character Array Vertically.unsuccessfulbuild" because "AlwaysCreate" was specified.
       ClCompile:
         c:\Program Files\Microsoft Visual Studio 10.0\VC\bin\CL.exe /c /Zi /nologo /W3 /WX- /O2 /Oi /Oy- /GL /D WIN32 /D NDEBUG /D _CONSOLE /D _UNICODE /D UNICODE /Gm- /EHsc /MD /GS /Gy /fp:precise /Zc:wchar_t /Zc:forScope /Fo"Release\\" /Fd"Release\vc100.pdb" /Gd /TP /analyze- /errorReport:prompt "6. Print A Character Array Vertically.cpp"
         6. Print A Character Array Vertically.cpp
       Link:
         c:\Program Files\Microsoft Visual Studio 10.0\VC\bin\link.exe /ERRORREPORT:PROMPT /OUT:"C:\Users\ct-d119\Dropbox\Study\BHCC\2013 Summer\CIT-120-A1 Intro to Computer Sci\Labs\For Loop Labs\6. Print A Character Array Vertically\Release\6. Print A Character Array Vertically.exe" /INCREMENTAL:NO /NOLOGO kernel32.lib user32.lib gdi32.lib winspool.lib comdlg32.lib advapi32.lib shell32.lib ole32.lib oleaut32.lib uuid.lib odbc32.lib odbccp32.lib /MANIFEST /ManifestFile:"Release\6. Print A Character Array Vertically.exe.intermediate.manifest" /MANIFESTUAC:"level='asInvoker' uiAccess='false'" /DEBUG /PDB:"C:\Users\ct-d119\Dropbox\Study\BHCC\2013 Summer\CIT-120-A1 Intro to Computer Sci\Labs\For Loop Labs\6. Print A Character Array Vertically\Release\6. Print A Character Array Vertically.pdb" /SUBSYSTEM:CONSOLE /OPT:REF /OPT:ICF /LTCG /TLBID:1 /DYNAMICBASE /NXCOMPAT /IMPLIB:"C:\Users\ct-d119\Dropbox\Study\BHCC\2013 Summer\CIT-120-A1 Intro to Computer Sci\Labs\For Loop Labs\6. Print A Character Array Vertically\Release\6. Print A Character Array Vertically.lib" /MACHINE:X86 "Release\6. Print A Character Array Vertically.obj"
         Generating code
         Finished generating code
         6. Print A Character Array Vertically.vcxproj -> C:\Users\ct-d119\Dropbox\Study\BHCC\2013 Summer\CIT-120-A1 Intro to Computer Sci\Labs\For Loop Labs\6. Print A Character Array Vertically\Release\6. Print A Character Array Vertically.exe
       Manifest:
         C:\Program Files\Microsoft SDKs\Windows\v7.0A\bin\mt.exe /nologo /verbose /outputresource:"C:\Users\ct-d119\Dropbox\Study\BHCC\2013 Summer\CIT-120-A1 Intro to Computer Sci\Labs\For Loop Labs\6. Print A Character Array Vertically\Release\6. Print A Character Array Vertically.exe;#1" /manifest "Release\6. Print A Character Array Vertically.exe.intermediate.manifest"
       FinalizeBuildStatus:
         Deleting file "Release\6. Print A Character Array Vertically.unsuccessfulbuild".
         Touching "Release\6. Print A Character Array Vertically.lastbuildstate".
     1>Done Building Project "C:\Users\ct-d119\Dropbox\Study\BHCC\2013 Summer\CIT-120-A1 Intro to Computer Sci\Labs\For Loop Labs\6. Print A Character Array Vertically\6. Print A Character Array Vertically.vcxproj" (build target(s)).

Build succeeded.

Time Elapsed 00:00:01.75
