Build started 2013/3/4 4:33:27.
     1>Project "C:\Users\陆凯利\Dropbox\Study\BHCC\2013 Spring\CIT-120-02 Intro to Computer Sci\Labs\The Quadradic Project\The Quadradic Project.vcxproj" on node 2 (build target(s)).
     1>InitializeBuildStatus:
         Creating "Release\The Quadradic Project.unsuccessfulbuild" because "AlwaysCreate" was specified.
       ClCompile:
         C:\Program Files (x86)\Microsoft Visual Studio 10.0\VC\bin\CL.exe /c /Zi /nologo /W3 /WX- /O2 /Oi /Oy- /GL /D WIN32 /D NDEBUG /D _CONSOLE /D _UNICODE /D UNICODE /Gm- /EHsc /MD /GS /Gy /fp:precise /Zc:wchar_t /Zc:forScope /Fo"Release\\" /Fd"Release\vc100.pdb" /Gd /TP /analyze- /errorReport:prompt "The Quadradic Project (just for practice).cpp"
         The Quadradic Project (just for practice).cpp
       Link:
         C:\Program Files (x86)\Microsoft Visual Studio 10.0\VC\bin\link.exe /ERRORREPORT:PROMPT /OUT:"C:\Users\陆凯利\Dropbox\Study\BHCC\2013 Spring\CIT-120-02 Intro to Computer Sci\Labs\The Quadradic Project\Release\The Quadradic Project.exe" /INCREMENTAL:NO /NOLOGO kernel32.lib user32.lib gdi32.lib winspool.lib comdlg32.lib advapi32.lib shell32.lib ole32.lib oleaut32.lib uuid.lib odbc32.lib odbccp32.lib /MANIFEST /ManifestFile:"Release\The Quadradic Project.exe.intermediate.manifest" /MANIFESTUAC:"level='asInvoker' uiAccess='false'" /DEBUG /PDB:"C:\Users\陆凯利\Dropbox\Study\BHCC\2013 Spring\CIT-120-02 Intro to Computer Sci\Labs\The Quadradic Project\Release\The Quadradic Project.pdb" /SUBSYSTEM:CONSOLE /OPT:REF /OPT:ICF /LTCG /TLBID:1 /DYNAMICBASE /NXCOMPAT /IMPLIB:"C:\Users\陆凯利\Dropbox\Study\BHCC\2013 Spring\CIT-120-02 Intro to Computer Sci\Labs\The Quadradic Project\Release\The Quadradic Project.lib" /MACHINE:X86 "Release\The Quadradic Project (just for practice).obj"
         Generating code
         Finished generating code
         The Quadradic Project.vcxproj -> C:\Users\陆凯利\Dropbox\Study\BHCC\2013 Spring\CIT-120-02 Intro to Computer Sci\Labs\The Quadradic Project\Release\The Quadradic Project.exe
       Manifest:
         C:\Program Files (x86)\Microsoft SDKs\Windows\v7.0A\bin\mt.exe /nologo /verbose /outputresource:"C:\Users\陆凯利\Dropbox\Study\BHCC\2013 Spring\CIT-120-02 Intro to Computer Sci\Labs\The Quadradic Project\Release\The Quadradic Project.exe;#1" /manifest "Release\The Quadradic Project.exe.intermediate.manifest"
       FinalizeBuildStatus:
         Deleting file "Release\The Quadradic Project.unsuccessfulbuild".
         Touching "Release\The Quadradic Project.lastbuildstate".
     1>Done Building Project "C:\Users\陆凯利\Dropbox\Study\BHCC\2013 Spring\CIT-120-02 Intro to Computer Sci\Labs\The Quadradic Project\The Quadradic Project.vcxproj" (build target(s)).

Build succeeded.

Time Elapsed 00:00:00.94
