Build started 7/22/2013 12:44:53 PM.
     1>Project "C:\Users\ct-d119\Dropbox\Study\BHCC\2013 Summer\CIT-120-A1 Intro to Computer Sci\Labs\Function Labs\printTitle\printTitle.vcxproj" on node 2 (build target(s)).
     1>InitializeBuildStatus:
         Creating "Release\printTitle.unsuccessfulbuild" because "AlwaysCreate" was specified.
       ClCompile:
         c:\Program Files\Microsoft Visual Studio 10.0\VC\bin\CL.exe /c /Zi /nologo /W3 /WX- /O2 /Oi /Oy- /GL /D WIN32 /D NDEBUG /D _CONSOLE /D _UNICODE /D UNICODE /Gm- /EHsc /MD /GS /Gy /fp:precise /Zc:wchar_t /Zc:forScope /Fo"Release\\" /Fd"Release\vc100.pdb" /Gd /TP /analyze- /errorReport:prompt printTitle.cpp
         printTitle.cpp
     1>printTitle.cpp(87): warning C4244: 'return' : conversion from 'double' to 'int', possible loss of data
     1>printTitle.cpp(107): warning C4244: 'return' : conversion from 'double' to 'int', possible loss of data
       Link:
         c:\Program Files\Microsoft Visual Studio 10.0\VC\bin\link.exe /ERRORREPORT:PROMPT /OUT:"C:\Users\ct-d119\Dropbox\Study\BHCC\2013 Summer\CIT-120-A1 Intro to Computer Sci\Labs\Function Labs\printTitle\Release\printTitle.exe" /INCREMENTAL:NO /NOLOGO kernel32.lib user32.lib gdi32.lib winspool.lib comdlg32.lib advapi32.lib shell32.lib ole32.lib oleaut32.lib uuid.lib odbc32.lib odbccp32.lib /MANIFEST /ManifestFile:"Release\printTitle.exe.intermediate.manifest" /MANIFESTUAC:"level='asInvoker' uiAccess='false'" /DEBUG /PDB:"C:\Users\ct-d119\Dropbox\Study\BHCC\2013 Summer\CIT-120-A1 Intro to Computer Sci\Labs\Function Labs\printTitle\Release\printTitle.pdb" /SUBSYSTEM:CONSOLE /OPT:REF /OPT:ICF /LTCG /TLBID:1 /DYNAMICBASE /NXCOMPAT /IMPLIB:"C:\Users\ct-d119\Dropbox\Study\BHCC\2013 Summer\CIT-120-A1 Intro to Computer Sci\Labs\Function Labs\printTitle\Release\printTitle.lib" /MACHINE:X86 Release\printTitle.obj
         Generating code
         Finished generating code
         printTitle.vcxproj -> C:\Users\ct-d119\Dropbox\Study\BHCC\2013 Summer\CIT-120-A1 Intro to Computer Sci\Labs\Function Labs\printTitle\Release\printTitle.exe
       Manifest:
         C:\Program Files\Microsoft SDKs\Windows\v7.0A\bin\mt.exe /nologo /verbose /outputresource:"C:\Users\ct-d119\Dropbox\Study\BHCC\2013 Summer\CIT-120-A1 Intro to Computer Sci\Labs\Function Labs\printTitle\Release\printTitle.exe;#1" /manifest Release\printTitle.exe.intermediate.manifest
       FinalizeBuildStatus:
         Deleting file "Release\printTitle.unsuccessfulbuild".
         Touching "Release\printTitle.lastbuildstate".
     1>Done Building Project "C:\Users\ct-d119\Dropbox\Study\BHCC\2013 Summer\CIT-120-A1 Intro to Computer Sci\Labs\Function Labs\printTitle\printTitle.vcxproj" (build target(s)).

Build succeeded.

Time Elapsed 00:00:08.09
