Build started 7/29/2013 1:05:03 PM.
     1>Project "C:\Users\ct-d119\Dropbox\Study\BHCC\2013 Summer\CIT-120-A1 Intro to Computer Sci\Labs\Function Labs\New Monster Function Lab\New Monster Function Lab.vcxproj" on node 2 (build target(s)).
     1>InitializeBuildStatus:
         Creating "Debug\New Monster Function Lab.unsuccessfulbuild" because "AlwaysCreate" was specified.
       ClCompile:
         c:\Program Files\Microsoft Visual Studio 10.0\VC\bin\CL.exe /c /ZI /nologo /W3 /WX- /Od /Oy- /D WIN32 /D _DEBUG /D _CONSOLE /D _UNICODE /D UNICODE /Gm /EHsc /RTC1 /MDd /GS /fp:precise /Zc:wchar_t /Zc:forScope /Fo"Debug\\" /Fd"Debug\vc100.pdb" /Gd /TP /analyze- /errorReport:prompt "Basic Codes.cpp" "New Monster Function Lab.cpp"
         New Monster Function Lab.cpp
         Basic Codes.cpp
     1>c:\users\ct-d119\dropbox\study\bhcc\2013 summer\cit-120-a1 intro to computer sci\labs\function labs\new monster function lab\basic codes.cpp(77): warning C4244: 'return' : conversion from 'double' to 'int', possible loss of data
         Generating Code...
       ManifestResourceCompile:
         C:\Program Files\Microsoft SDKs\Windows\v7.0A\bin\rc.exe /nologo /fo"Debug\New Monster Function Lab.exe.embed.manifest.res" "Debug\New Monster Function Lab_manifest.rc" 
       Link:
         c:\Program Files\Microsoft Visual Studio 10.0\VC\bin\link.exe /ERRORREPORT:PROMPT /OUT:"C:\Users\ct-d119\Dropbox\Study\BHCC\2013 Summer\CIT-120-A1 Intro to Computer Sci\Labs\Function Labs\New Monster Function Lab\Debug\New Monster Function Lab.exe" /INCREMENTAL /NOLOGO kernel32.lib user32.lib gdi32.lib winspool.lib comdlg32.lib advapi32.lib shell32.lib ole32.lib oleaut32.lib uuid.lib odbc32.lib odbccp32.lib /MANIFEST /ManifestFile:"Debug\New Monster Function Lab.exe.intermediate.manifest" /MANIFESTUAC:"level='asInvoker' uiAccess='false'" /DEBUG /PDB:"C:\Users\ct-d119\Dropbox\Study\BHCC\2013 Summer\CIT-120-A1 Intro to Computer Sci\Labs\Function Labs\New Monster Function Lab\Debug\New Monster Function Lab.pdb" /SUBSYSTEM:CONSOLE /TLBID:1 /DYNAMICBASE /NXCOMPAT /IMPLIB:"C:\Users\ct-d119\Dropbox\Study\BHCC\2013 Summer\CIT-120-A1 Intro to Computer Sci\Labs\Function Labs\New Monster Function Lab\Debug\New Monster Function Lab.lib" /MACHINE:X86 "Debug\New Monster Function Lab.exe.embed.manifest.res"
         "Debug\Basic Codes.obj"
         "Debug\New Monster Function Lab.obj"
       Manifest:
         C:\Program Files\Microsoft SDKs\Windows\v7.0A\bin\mt.exe /nologo /verbose /out:"Debug\New Monster Function Lab.exe.embed.manifest" /manifest "Debug\New Monster Function Lab.exe.intermediate.manifest"
         C:\Program Files\Microsoft SDKs\Windows\v7.0A\bin\rc.exe /nologo /fo"Debug\New Monster Function Lab.exe.embed.manifest.res" "Debug\New Monster Function Lab_manifest.rc" 
       LinkEmbedManifest:
         c:\Program Files\Microsoft Visual Studio 10.0\VC\bin\link.exe /ERRORREPORT:PROMPT /OUT:"C:\Users\ct-d119\Dropbox\Study\BHCC\2013 Summer\CIT-120-A1 Intro to Computer Sci\Labs\Function Labs\New Monster Function Lab\Debug\New Monster Function Lab.exe" /INCREMENTAL /NOLOGO kernel32.lib user32.lib gdi32.lib winspool.lib comdlg32.lib advapi32.lib shell32.lib ole32.lib oleaut32.lib uuid.lib odbc32.lib odbccp32.lib /MANIFEST /ManifestFile:"Debug\New Monster Function Lab.exe.intermediate.manifest" /MANIFESTUAC:"level='asInvoker' uiAccess='false'" /DEBUG /PDB:"C:\Users\ct-d119\Dropbox\Study\BHCC\2013 Summer\CIT-120-A1 Intro to Computer Sci\Labs\Function Labs\New Monster Function Lab\Debug\New Monster Function Lab.pdb" /SUBSYSTEM:CONSOLE /TLBID:1 /DYNAMICBASE /NXCOMPAT /IMPLIB:"C:\Users\ct-d119\Dropbox\Study\BHCC\2013 Summer\CIT-120-A1 Intro to Computer Sci\Labs\Function Labs\New Monster Function Lab\Debug\New Monster Function Lab.lib" /MACHINE:X86 "Debug\New Monster Function Lab.exe.embed.manifest.res"
         "Debug\Basic Codes.obj"
         "Debug\New Monster Function Lab.obj"
         New Monster Function Lab.vcxproj -> C:\Users\ct-d119\Dropbox\Study\BHCC\2013 Summer\CIT-120-A1 Intro to Computer Sci\Labs\Function Labs\New Monster Function Lab\Debug\New Monster Function Lab.exe
       FinalizeBuildStatus:
         Deleting file "Debug\New Monster Function Lab.unsuccessfulbuild".
         Touching "Debug\New Monster Function Lab.lastbuildstate".
     1>Done Building Project "C:\Users\ct-d119\Dropbox\Study\BHCC\2013 Summer\CIT-120-A1 Intro to Computer Sci\Labs\Function Labs\New Monster Function Lab\New Monster Function Lab.vcxproj" (build target(s)).

Build succeeded.

Time Elapsed 00:00:05.53
