Build started 8/12/2013 3:34:21 PM.
     1>Project "C:\Users\ct-d119\Dropbox\bhcc\2013 summer\CIT-120-A1 Intro to Computer Sci\Labs\New Array of Scores\New Array of Scores.vcxproj" on node 2 (build target(s)).
     1>InitializeBuildStatus:
         Creating "Release\New Array of Scores.unsuccessfulbuild" because "AlwaysCreate" was specified.
       ClCompile:
         c:\Program Files\Microsoft Visual Studio 10.0\VC\bin\CL.exe /c /Zi /nologo /W3 /WX- /O2 /Oi /Oy- /GL /D WIN32 /D NDEBUG /D _CONSOLE /D _UNICODE /D UNICODE /Gm- /EHsc /MD /GS /Gy /fp:precise /Zc:wchar_t /Zc:forScope /Fo"Release\\" /Fd"Release\vc100.pdb" /Gd /TP /analyze- /errorReport:prompt "New Array of Scores.cpp"
         New Array of Scores.cpp
     1>New Array of Scores.cpp(7): warning C4067: unexpected tokens following preprocessor directive - expected a newline
       Link:
         c:\Program Files\Microsoft Visual Studio 10.0\VC\bin\link.exe /ERRORREPORT:PROMPT /OUT:"C:\Users\ct-d119\Dropbox\bhcc\2013 summer\CIT-120-A1 Intro to Computer Sci\Labs\New Array of Scores\Release\New Array of Scores.exe" /INCREMENTAL:NO /NOLOGO kernel32.lib user32.lib gdi32.lib winspool.lib comdlg32.lib advapi32.lib shell32.lib ole32.lib oleaut32.lib uuid.lib odbc32.lib odbccp32.lib /MANIFEST /ManifestFile:"Release\New Array of Scores.exe.intermediate.manifest" /MANIFESTUAC:"level='asInvoker' uiAccess='false'" /DEBUG /PDB:"C:\Users\ct-d119\Dropbox\bhcc\2013 summer\CIT-120-A1 Intro to Computer Sci\Labs\New Array of Scores\Release\New Array of Scores.pdb" /SUBSYSTEM:CONSOLE /OPT:REF /OPT:ICF /LTCG /TLBID:1 /DYNAMICBASE /NXCOMPAT /IMPLIB:"C:\Users\ct-d119\Dropbox\bhcc\2013 summer\CIT-120-A1 Intro to Computer Sci\Labs\New Array of Scores\Release\New Array of Scores.lib" /MACHINE:X86 "Release\Basic Codes.obj"
         "Release\New Array of Scores.obj"
         Generating code
         Finished generating code
         New Array of Scores.vcxproj -> C:\Users\ct-d119\Dropbox\bhcc\2013 summer\CIT-120-A1 Intro to Computer Sci\Labs\New Array of Scores\Release\New Array of Scores.exe
       Manifest:
         C:\Program Files\Microsoft SDKs\Windows\v7.0A\bin\mt.exe /nologo /verbose /outputresource:"C:\Users\ct-d119\Dropbox\bhcc\2013 summer\CIT-120-A1 Intro to Computer Sci\Labs\New Array of Scores\Release\New Array of Scores.exe;#1" /manifest "Release\New Array of Scores.exe.intermediate.manifest"
       FinalizeBuildStatus:
         Deleting file "Release\New Array of Scores.unsuccessfulbuild".
         Touching "Release\New Array of Scores.lastbuildstate".
     1>Done Building Project "C:\Users\ct-d119\Dropbox\bhcc\2013 summer\CIT-120-A1 Intro to Computer Sci\Labs\New Array of Scores\New Array of Scores.vcxproj" (build target(s)).

Build succeeded.

Time Elapsed 00:00:02.09
