Build started 2013/5/13 0:21:39.
     1>Project "C:\Users\陆凯利\Dropbox\Study\BHCC\2013 Spring\CIT-120-02 Intro to Computer Sci\Labs\Function Labs\Monster_Function_Labs\Monster_Function_Labs.vcxproj" on node 2 (build target(s)).
     1>InitializeBuildStatus:
         Creating "Release\Monster_Function_Labs.unsuccessfulbuild" because "AlwaysCreate" was specified.
       ClCompile:
         C:\Program Files (x86)\Microsoft Visual Studio 10.0\VC\bin\CL.exe /c /Zi /nologo /W3 /WX- /O2 /Oi /Oy- /GL /D WIN32 /D NDEBUG /D _CONSOLE /D _UNICODE /D UNICODE /Gm- /EHsc /MD /GS /Gy /fp:precise /Zc:wchar_t /Zc:forScope /Fo"Release\\" /Fd"Release\vc100.pdb" /Gd /TP /analyze- /errorReport:prompt "Basic Codes.cpp" Monster_Function_Labs.cpp
         Basic Codes.cpp
     1>Basic Codes.cpp(108): warning C4244: '=' : conversion from 'double' to 'int', possible loss of data
     1>Basic Codes.cpp(112): warning C4244: '=' : conversion from 'double' to 'int', possible loss of data
         Monster_Function_Labs.cpp
     1>Monster_Function_Labs.cpp(67): warning C4244: '=' : conversion from 'double' to 'int', possible loss of data
     1>Monster_Function_Labs.cpp(12): warning C4101: 'y' : unreferenced local variable
       Link:
         C:\Program Files (x86)\Microsoft Visual Studio 10.0\VC\bin\link.exe /ERRORREPORT:PROMPT /OUT:"C:\Users\陆凯利\Dropbox\Study\BHCC\2013 Spring\CIT-120-02 Intro to Computer Sci\Labs\Function Labs\Monster_Function_Labs\Release\Monster_Function_Labs.exe" /INCREMENTAL:NO /NOLOGO kernel32.lib user32.lib gdi32.lib winspool.lib comdlg32.lib advapi32.lib shell32.lib ole32.lib oleaut32.lib uuid.lib odbc32.lib odbccp32.lib /MANIFEST /ManifestFile:"Release\Monster_Function_Labs.exe.intermediate.manifest" /MANIFESTUAC:"level='asInvoker' uiAccess='false'" /DEBUG /PDB:"C:\Users\陆凯利\Dropbox\Study\BHCC\2013 Spring\CIT-120-02 Intro to Computer Sci\Labs\Function Labs\Monster_Function_Labs\Release\Monster_Function_Labs.pdb" /SUBSYSTEM:CONSOLE /OPT:REF /OPT:ICF /LTCG /TLBID:1 /DYNAMICBASE /NXCOMPAT /IMPLIB:"C:\Users\陆凯利\Dropbox\Study\BHCC\2013 Spring\CIT-120-02 Intro to Computer Sci\Labs\Function Labs\Monster_Function_Labs\Release\Monster_Function_Labs.lib" /MACHINE:X86 "Release\Basic Codes.obj"
         Release\Monster_Function_Labs.obj
         Generating code
         Finished generating code
         Monster_Function_Labs.vcxproj -> C:\Users\陆凯利\Dropbox\Study\BHCC\2013 Spring\CIT-120-02 Intro to Computer Sci\Labs\Function Labs\Monster_Function_Labs\Release\Monster_Function_Labs.exe
       Manifest:
         C:\Program Files (x86)\Microsoft SDKs\Windows\v7.0A\bin\mt.exe /nologo /verbose /outputresource:"C:\Users\陆凯利\Dropbox\Study\BHCC\2013 Spring\CIT-120-02 Intro to Computer Sci\Labs\Function Labs\Monster_Function_Labs\Release\Monster_Function_Labs.exe;#1" /manifest Release\Monster_Function_Labs.exe.intermediate.manifest
       FinalizeBuildStatus:
         Deleting file "Release\Monster_Function_Labs.unsuccessfulbuild".
         Touching "Release\Monster_Function_Labs.lastbuildstate".
     1>Done Building Project "C:\Users\陆凯利\Dropbox\Study\BHCC\2013 Spring\CIT-120-02 Intro to Computer Sci\Labs\Function Labs\Monster_Function_Labs\Monster_Function_Labs.vcxproj" (build target(s)).

Build succeeded.

Time Elapsed 00:00:01.58
