Build started 7/22/2013 2:42:00 PM.
     1>Project "C:\Users\ct-d119\Dropbox\Study\BHCC\2013 Summer\CIT-120-A1 Intro to Computer Sci\Labs\Function Labs\Final_Monster_Function_Labs\Final_Monster_Function_Labs.vcxproj" on node 2 (build target(s)).
     1>InitializeBuildStatus:
         Creating "Release\Final_Monster_Function_Labs.unsuccessfulbuild" because "AlwaysCreate" was specified.
       ClCompile:
         c:\Program Files\Microsoft Visual Studio 10.0\VC\bin\CL.exe /c /Zi /nologo /W3 /WX- /O2 /Oi /Oy- /GL /D WIN32 /D NDEBUG /D _CONSOLE /D _UNICODE /D UNICODE /Gm- /EHsc /MD /GS /Gy /fp:precise /Zc:wchar_t /Zc:forScope /Fo"Release\\" /Fd"Release\vc100.pdb" /Gd /TP /analyze- /errorReport:prompt Final_Monster_Function_Labs.cpp
         Final_Monster_Function_Labs.cpp
     1>Final_Monster_Function_Labs.cpp(39): warning C4244: 'argument' : conversion from 'double' to 'int', possible loss of data
       Link:
         c:\Program Files\Microsoft Visual Studio 10.0\VC\bin\link.exe /ERRORREPORT:PROMPT /OUT:"C:\Users\ct-d119\Dropbox\Study\BHCC\2013 Summer\CIT-120-A1 Intro to Computer Sci\Labs\Function Labs\Final_Monster_Function_Labs\Release\Final_Monster_Function_Labs.exe" /INCREMENTAL:NO /NOLOGO kernel32.lib user32.lib gdi32.lib winspool.lib comdlg32.lib advapi32.lib shell32.lib ole32.lib oleaut32.lib uuid.lib odbc32.lib odbccp32.lib /MANIFEST /ManifestFile:"Release\Final_Monster_Function_Labs.exe.intermediate.manifest" /MANIFESTUAC:"level='asInvoker' uiAccess='false'" /DEBUG /PDB:"C:\Users\ct-d119\Dropbox\Study\BHCC\2013 Summer\CIT-120-A1 Intro to Computer Sci\Labs\Function Labs\Final_Monster_Function_Labs\Release\Final_Monster_Function_Labs.pdb" /SUBSYSTEM:CONSOLE /OPT:REF /OPT:ICF /LTCG /TLBID:1 /DYNAMICBASE /NXCOMPAT /IMPLIB:"C:\Users\ct-d119\Dropbox\Study\BHCC\2013 Summer\CIT-120-A1 Intro to Computer Sci\Labs\Function Labs\Final_Monster_Function_Labs\Release\Final_Monster_Function_Labs.lib" /MACHINE:X86 "Release\Basic Codes.obj"
         Release\Final_Monster_Function_Labs.obj
         Generating code
     1>c:\users\ct-d119\dropbox\study\bhcc\2013 summer\cit-120-a1 intro to computer sci\labs\function labs\final_monster_function_labs\basic codes.cpp(114): warning C4715: 'isPrime' : not all control paths return a value
         Finished generating code
         Final_Monster_Function_Labs.vcxproj -> C:\Users\ct-d119\Dropbox\Study\BHCC\2013 Summer\CIT-120-A1 Intro to Computer Sci\Labs\Function Labs\Final_Monster_Function_Labs\Release\Final_Monster_Function_Labs.exe
       Manifest:
         C:\Program Files\Microsoft SDKs\Windows\v7.0A\bin\mt.exe /nologo /verbose /outputresource:"C:\Users\ct-d119\Dropbox\Study\BHCC\2013 Summer\CIT-120-A1 Intro to Computer Sci\Labs\Function Labs\Final_Monster_Function_Labs\Release\Final_Monster_Function_Labs.exe;#1" /manifest Release\Final_Monster_Function_Labs.exe.intermediate.manifest
       FinalizeBuildStatus:
         Deleting file "Release\Final_Monster_Function_Labs.unsuccessfulbuild".
         Touching "Release\Final_Monster_Function_Labs.lastbuildstate".
     1>Done Building Project "C:\Users\ct-d119\Dropbox\Study\BHCC\2013 Summer\CIT-120-A1 Intro to Computer Sci\Labs\Function Labs\Final_Monster_Function_Labs\Final_Monster_Function_Labs.vcxproj" (build target(s)).

Build succeeded.

Time Elapsed 00:00:01.71
