Build started 1/31/2013 3:50:47 PM.
     1>Project "C:\Users\ct-d101\Dropbox\Study\BHCC\2013 Spring\CIT-120-02 Intro to Computer Sci\Labs\Lab 3 Sum of Two Numbers\Original\Original.vcxproj" on node 2 (build target(s)).
     1>InitializeBuildStatus:
         Creating "Release\Original.unsuccessfulbuild" because "AlwaysCreate" was specified.
       ClCompile:
         c:\Program Files\Microsoft Visual Studio 10.0\VC\bin\CL.exe /c /Zi /nologo /W3 /WX- /O2 /Oi /Oy- /GL /D WIN32 /D NDEBUG /D _CONSOLE /D _UNICODE /D UNICODE /Gm- /EHsc /MD /GS /Gy /fp:precise /Zc:wchar_t /Zc:forScope /Fo"Release\\" /Fd"Release\vc100.pdb" /Gd /TP /analyze- /errorReport:prompt "Lab 3 Sum of Two Numbers_Original.cpp"
         Lab 3 Sum of Two Numbers_Original.cpp
       Link:
         c:\Program Files\Microsoft Visual Studio 10.0\VC\bin\link.exe /ERRORREPORT:PROMPT /OUT:"C:\Users\ct-d101\Dropbox\Study\BHCC\2013 Spring\CIT-120-02 Intro to Computer Sci\Labs\Lab 3 Sum of Two Numbers\Original\Release\Original.exe" /INCREMENTAL:NO /NOLOGO kernel32.lib user32.lib gdi32.lib winspool.lib comdlg32.lib advapi32.lib shell32.lib ole32.lib oleaut32.lib uuid.lib odbc32.lib odbccp32.lib /MANIFEST /ManifestFile:"Release\Original.exe.intermediate.manifest" /MANIFESTUAC:"level='asInvoker' uiAccess='false'" /DEBUG /PDB:"C:\Users\ct-d101\Dropbox\Study\BHCC\2013 Spring\CIT-120-02 Intro to Computer Sci\Labs\Lab 3 Sum of Two Numbers\Original\Release\Original.pdb" /SUBSYSTEM:CONSOLE /OPT:REF /OPT:ICF /LTCG /TLBID:1 /DYNAMICBASE /NXCOMPAT /IMPLIB:"C:\Users\ct-d101\Dropbox\Study\BHCC\2013 Spring\CIT-120-02 Intro to Computer Sci\Labs\Lab 3 Sum of Two Numbers\Original\Release\Original.lib" /MACHINE:X86 "Release\Lab 3 Sum of Two Numbers_Original.obj"
         Generating code
         Finished generating code
         Original.vcxproj -> C:\Users\ct-d101\Dropbox\Study\BHCC\2013 Spring\CIT-120-02 Intro to Computer Sci\Labs\Lab 3 Sum of Two Numbers\Original\Release\Original.exe
       Manifest:
         C:\Program Files\Microsoft SDKs\Windows\v7.0A\bin\mt.exe /nologo /verbose /outputresource:"C:\Users\ct-d101\Dropbox\Study\BHCC\2013 Spring\CIT-120-02 Intro to Computer Sci\Labs\Lab 3 Sum of Two Numbers\Original\Release\Original.exe;#1" /manifest Release\Original.exe.intermediate.manifest
       FinalizeBuildStatus:
         Deleting file "Release\Original.unsuccessfulbuild".
         Touching "Release\Original.lastbuildstate".
     1>Done Building Project "C:\Users\ct-d101\Dropbox\Study\BHCC\2013 Spring\CIT-120-02 Intro to Computer Sci\Labs\Lab 3 Sum of Two Numbers\Original\Original.vcxproj" (build target(s)).

Build succeeded.

Time Elapsed 00:00:02.21
